{"name": "test_printCarsNamesAndPrices[chrome-BMW-BMW Cars]", "status": "broken", "statusDetails": {"message": "selenium.common.exceptions.TimeoutException: Message: \nStacktrace:\n#0 0x5c420d55c2ca <unknown>\n#1 0x5c420d003550 <unknown>\n#2 0x5c420d0550f0 <unknown>\n#3 0x5c420d0552e1 <unknown>\n#4 0x5c420d0a35e4 <unknown>\n#5 0x5c420d07abed <unknown>\n#6 0x5c420d0a09e6 <unknown>\n#7 0x5c420d07a993 <unknown>\n#8 0x5c420d046d6b <unknown>\n#9 0x5c420d048141 <unknown>\n#10 0x5c420d5212ab <unknown>\n#11 0x5c420d5250b9 <unknown>\n#12 0x5c420d508139 <unknown>\n#13 0x5c420d525c68 <unknown>\n#14 0x5c420d4ec60f <unknown>\n#15 0x5c420d54a1f8 <unknown>\n#16 0x5c420d54a3d6 <unknown>\n#17 0x5c420d55b5e6 <unknown>\n#18 0x7a5e1a294ac3 <unknown>", "trace": "self = <TestCases.test_carewale.Test_Carwale object at 0x7262a8bf2710>, carBrand = 'BMW', carTitle = 'BMW Cars'\n\n    @pytest.mark.parametrize(\"carBrand,carTitle\", dataProvider.get_data(\"NewCarsTest\"))\n    def test_printCarsNamesAndPrices(self, carBrand, carTitle):\n        log.logger.info(\"******Inside Cars Names and prices Test*********\")\n        home = HomePage(self.driver)\n        car = CarBase(self.driver)\n    \n        print(\"Car brand is : \", carBrand)\n        if carBrand == \"BMW\":\n>           home.go_to_new_cars().selectBMW()\n\ntest_carewale.py:65: \n_ _ _ _ _ _ _ _ _ _ _ _ _ _ _ _ _ _ _ _ _ _ _ _ _ _ _ _ _ _ _ _ _ _ _ _ _ _ _ _ _ _ _ _ _ _ _ _ _ _ _ _ _ _ _ _ _ _ _ _ _ _ _ _ _ _ _ _ _ _ _ _ _ _ _ _ _ _ _ _ _ _ _ _ _ _ _ _ _ _ _ _ _ _ _ _ _ _ _ _ _ _ _ _ _ _ _ _ _ _ _ _ _ _ \n../Pages/HomePage.py:13: in go_to_new_cars\n    self.click(\"find_new_cars_XPATH\")\n../Pages/BasePage.py:23: in click\n    WebDriverWait(self.driver, 10).until(\n_ _ _ _ _ _ _ _ _ _ _ _ _ _ _ _ _ _ _ _ _ _ _ _ _ _ _ _ _ _ _ _ _ _ _ _ _ _ _ _ _ _ _ _ _ _ _ _ _ _ _ _ _ _ _ _ _ _ _ _ _ _ _ _ _ _ _ _ _ _ _ _ _ _ _ _ _ _ _ _ _ _ _ _ _ _ _ _ _ _ _ _ _ _ _ _ _ _ _ _ _ _ _ _ _ _ _ _ _ _ _ _ _ _ \n\nself = <selenium.webdriver.support.wait.WebDriverWait (session=\"c1e56fddd30518c6fb2cd139dc552f65\")>, method = <function element_to_be_clickable.<locals>._predicate at 0x7262a8bceb90>, message = ''\n\n    def until(self, method: Callable[[D], Union[Literal[False], T]], message: str = \"\") -> T:\n        \"\"\"Wait until the method returns a value that is not False.\n    \n        Calls the method provided with the driver as an argument until the\n        return value does not evaluate to ``False``.\n    \n        Parameters:\n        -----------\n        method: callable(WebDriver)\n            - A callable object that takes a WebDriver instance as an argument.\n    \n        message: str\n            - Optional message for :exc:`TimeoutException`\n    \n        Return:\n        -------\n        object: T\n            - The result of the last call to `method`\n    \n        Raises:\n        -------\n        TimeoutException\n            - If 'method' does not return a truthy value within the WebDriverWait\n            object's timeout\n    \n        Example:\n        --------\n        >>> from selenium.webdriver.common.by import By\n        >>> from selenium.webdriver.support.ui import WebDriverWait\n        >>> from selenium.webdriver.support import expected_conditions as EC\n    \n        # Wait until an element is visible on the page\n        >>> wait = WebDriverWait(driver, 10)\n        >>> element = wait.until(EC.visibility_of_element_located((By.ID, \"exampleId\")))\n        >>> print(element.text)\n        \"\"\"\n        screen = None\n        stacktrace = None\n    \n        end_time = time.monotonic() + self._timeout\n        while True:\n            try:\n                value = method(self._driver)\n                if value:\n                    return value\n            except self._ignored_exceptions as exc:\n                screen = getattr(exc, \"screen\", None)\n                stacktrace = getattr(exc, \"stacktrace\", None)\n            if time.monotonic() > end_time:\n                break\n            time.sleep(self._poll)\n>       raise TimeoutException(message, screen, stacktrace)\nE       selenium.common.exceptions.TimeoutException: Message: \nE       Stacktrace:\nE       #0 0x5c420d55c2ca <unknown>\nE       #1 0x5c420d003550 <unknown>\nE       #2 0x5c420d0550f0 <unknown>\nE       #3 0x5c420d0552e1 <unknown>\nE       #4 0x5c420d0a35e4 <unknown>\nE       #5 0x5c420d07abed <unknown>\nE       #6 0x5c420d0a09e6 <unknown>\nE       #7 0x5c420d07a993 <unknown>\nE       #8 0x5c420d046d6b <unknown>\nE       #9 0x5c420d048141 <unknown>\nE       #10 0x5c420d5212ab <unknown>\nE       #11 0x5c420d5250b9 <unknown>\nE       #12 0x5c420d508139 <unknown>\nE       #13 0x5c420d525c68 <unknown>\nE       #14 0x5c420d4ec60f <unknown>\nE       #15 0x5c420d54a1f8 <unknown>\nE       #16 0x5c420d54a3d6 <unknown>\nE       #17 0x5c420d55b5e6 <unknown>\nE       #18 0x7a5e1a294ac3 <unknown>\n\n/home/dihia/.local/lib/python3.10/site-packages/selenium/webdriver/support/wait.py:138: TimeoutException"}, "attachments": [{"name": "log", "source": "5f5e8d57-aec0-4066-8511-8b2709a09132-attachment.txt", "type": "text/plain"}, {"name": "stdout", "source": "745c8cfe-3cf1-4986-9e25-b14d59c04494-attachment.txt", "type": "text/plain"}], "parameters": [{"name": "get_browser", "value": "'chrome'"}, {"name": "carBrand", "value": "'BMW'"}, {"name": "carTitle", "value": "'BMW Cars'"}], "start": 1766784864676, "stop": 1766784875250, "uuid": "07f3da61-97e1-425f-aa29-08ca175e3872", "historyId": "3b4764eb280bd58bff5d9b7db8203417", "testCaseId": "d52ac4e5746cec436b94dd9b421b3311", "fullName": "test_carewale.Test_Carwale#test_printCarsNamesAndPrices", "labels": [{"name": "suite", "value": "test_carewale"}, {"name": "subSuite", "value": "Test_Carwale"}, {"name": "host", "value": "dihia"}, {"name": "thread", "value": "87501-MainThread"}, {"name": "framework", "value": "pytest"}, {"name": "language", "value": "cpython3"}, {"name": "package", "value": "test_carewale"}], "titlePath": ["test_carewale.py", "Test_Carwale"]}