{"name": "test_printCarsNamesAndPrices[chrome-Toyota-Toyota Cars]", "status": "broken", "statusDetails": {"message": "selenium.common.exceptions.TimeoutException: Message: \nStacktrace:\n#0 0x5c00ba1942ca <unknown>\n#1 0x5c00b9c3b550 <unknown>\n#2 0x5c00b9c8d0f0 <unknown>\n#3 0x5c00b9c8d2e1 <unknown>\n#4 0x5c00b9cdb5e4 <unknown>\n#5 0x5c00b9cb2bed <unknown>\n#6 0x5c00b9cd89e6 <unknown>\n#7 0x5c00b9cb2993 <unknown>\n#8 0x5c00b9c7ed6b <unknown>\n#9 0x5c00b9c80141 <unknown>\n#10 0x5c00ba1592ab <unknown>\n#11 0x5c00ba15d0b9 <unknown>\n#12 0x5c00ba140139 <unknown>\n#13 0x5c00ba15dc68 <unknown>\n#14 0x5c00ba12460f <unknown>\n#15 0x5c00ba1821f8 <unknown>\n#16 0x5c00ba1823d6 <unknown>\n#17 0x5c00ba1935e6 <unknown>\n#18 0x7de85f094ac3 <unknown>", "trace": "self = <TestCases.test_carewale.Test_Carwale object at 0x7a63f115ae00>\ncarBrand = 'Toyota', carTitle = 'Toyota Cars'\n\n    @pytest.mark.parametrize(\"carBrand,carTitle\", dataProvider.get_data(\"NewCarsTest\"))\n    def test_printCarsNamesAndPrices(self, carBrand, carTitle):\n        log.logger.info(\"******Inside Cars Names and prices Test*********\")\n        home = HomePage(self.driver)\n        car = CarBase(self.driver)\n    \n        print(\"Car brand is : \", carBrand)\n        if carBrand == \"BMW\":\n            home.go_to_new_cars().selectBMW()\n            title = car.getCarTitle()\n            print(\"Car Title is : \" + title)\n            assert title == carTitle, \"Not on the correct page as title is not matching\"\n            car.getCarNameAndPrice()\n        elif carBrand == \"Hyundai\":\n            home.go_to_new_cars().selectHyundai()\n            title = car.getCarTitle()\n            print(\"Car Title is : \" + title)\n            assert title == carTitle, \"Not on the correct page as title is not matching\"\n            car.getCarNameAndPrice()\n        elif carBrand == \"Honda\":\n            home.go_to_new_cars().selectHonda()\n            title = car.getCarTitle()\n            print(\"Car Title is : \" + title)\n            assert title == carTitle, \"Not on the correct page as title is not matching\"\n            car.getCarNameAndPrice()\n        elif carBrand == \"Toyota\":\n>           home.go_to_new_cars().selectToyota()\n\ntest_carewale.py:83: \n_ _ _ _ _ _ _ _ _ _ _ _ _ _ _ _ _ _ _ _ _ _ _ _ _ _ _ _ _ _ _ _ _ _ _ _ _ _ _ _ \n../Pages/HomePage.py:13: in go_to_new_cars\n    self.click(\"find_new_cars_XPATH\")\n../Pages/BasePage.py:23: in click\n    WebDriverWait(self.driver, 10).until(\n_ _ _ _ _ _ _ _ _ _ _ _ _ _ _ _ _ _ _ _ _ _ _ _ _ _ _ _ _ _ _ _ _ _ _ _ _ _ _ _ \n\nself = <selenium.webdriver.support.wait.WebDriverWait (session=\"489bb5651957a27bfe112f8ae822e077\")>\nmethod = <function element_to_be_clickable.<locals>._predicate at 0x7a63f18c0ee0>\nmessage = ''\n\n    def until(self, method: Callable[[D], Literal[False] | T], message: str = \"\") -> T:\n        \"\"\"Wait until the method returns a value that is not False.\n    \n        Calls the method provided with the driver as an argument until the\n        return value does not evaluate to ``False``.\n    \n        Args:\n            method: A callable object that takes a WebDriver instance as an\n                argument.\n            message: Optional message for TimeoutException.\n    \n        Returns:\n            The result of the last call to `method`.\n    \n        Raises:\n            TimeoutException: If 'method' does not return a truthy value within\n                the WebDriverWait object's timeout.\n    \n        Example:\n            >>> from selenium.webdriver.common.by import By\n            >>> from selenium.webdriver.support.ui import WebDriverWait\n            >>> from selenium.webdriver.support import expected_conditions as EC\n            >>>\n            >>> # Wait until an element is visible on the page\n            >>> wait = WebDriverWait(driver, 10)\n            >>> element = wait.until(EC.visibility_of_element_located((By.ID, \"exampleId\")))\n            >>> print(element.text)\n        \"\"\"\n        screen = None\n        stacktrace = None\n    \n        end_time = time.monotonic() + self._timeout\n        while True:\n            try:\n                value = method(self._driver)\n                if value:\n                    return value\n            except self._ignored_exceptions as exc:\n                screen = getattr(exc, \"screen\", None)\n                stacktrace = getattr(exc, \"stacktrace\", None)\n            if time.monotonic() > end_time:\n                break\n            time.sleep(self._poll)\n>       raise TimeoutException(message, screen, stacktrace)\nE       selenium.common.exceptions.TimeoutException: Message: \nE       Stacktrace:\nE       #0 0x5c00ba1942ca <unknown>\nE       #1 0x5c00b9c3b550 <unknown>\nE       #2 0x5c00b9c8d0f0 <unknown>\nE       #3 0x5c00b9c8d2e1 <unknown>\nE       #4 0x5c00b9cdb5e4 <unknown>\nE       #5 0x5c00b9cb2bed <unknown>\nE       #6 0x5c00b9cd89e6 <unknown>\nE       #7 0x5c00b9cb2993 <unknown>\nE       #8 0x5c00b9c7ed6b <unknown>\nE       #9 0x5c00b9c80141 <unknown>\nE       #10 0x5c00ba1592ab <unknown>\nE       #11 0x5c00ba15d0b9 <unknown>\nE       #12 0x5c00ba140139 <unknown>\nE       #13 0x5c00ba15dc68 <unknown>\nE       #14 0x5c00ba12460f <unknown>\nE       #15 0x5c00ba1821f8 <unknown>\nE       #16 0x5c00ba1823d6 <unknown>\nE       #17 0x5c00ba1935e6 <unknown>\nE       #18 0x7de85f094ac3 <unknown>\n\n../venv/lib/python3.10/site-packages/selenium/webdriver/support/wait.py:122: TimeoutException"}, "attachments": [{"name": "log", "source": "c28bc263-f4c5-4dfb-8cc8-d44439872496-attachment.txt", "type": "text/plain"}], "parameters": [{"name": "get_browser", "value": "'chrome'"}, {"name": "carBrand", "value": "'Toyota'"}, {"name": "carTitle", "value": "'Toyota Cars'"}], "start": 1766806006362, "stop": 1766806017250, "uuid": "c1875ce3-59c6-4fbb-b44e-b966aad80e86", "historyId": "575204a6615d7e97ccc0b4b55f60f9e9", "testCaseId": "d52ac4e5746cec436b94dd9b421b3311", "fullName": "test_carewale.Test_Carwale#test_printCarsNamesAndPrices", "labels": [{"name": "suite", "value": "test_carewale"}, {"name": "subSuite", "value": "Test_Carwale"}, {"name": "host", "value": "dihia"}, {"name": "thread", "value": "104618-MainThread"}, {"name": "framework", "value": "pytest"}, {"name": "language", "value": "cpython3"}, {"name": "package", "value": "test_carewale"}], "titlePath": ["test_carewale.py", "Test_Carwale"]}